<?xml version="1.0" encoding="UTF-8"?>
<!-- Generated by org.testng.reporters.JUnitXMLReporter -->
<testsuite hostname="abc-PC" name="Test" tests="5" failures="0" timestamp="1 Sep 2020 09:23:52 GMT" time="82.963" errors="0">
  <testcase name="checkTitle" time="0.042" classname="com.jbk.test.LoginTestCases"/>
  <testcase name="checkHeading" time="0.156" classname="com.jbk.test.LoginTestCases"/>
  <testcase name="checkLoginBoxMsg" time="0.236" classname="com.jbk.test.LoginTestCases"/>
  <testcase name="checkNavigationBetRegPageAndLogin" time="1.934" classname="com.jbk.test.LoginTestCases"/>
  <testcase name="validateInvalidLoginCred" time="0.551" classname="com.jbk.test.LoginTestCases"/>
</testsuite> <!-- Test -->
