<?xml version="1.0" encoding="UTF-8"?>
<!-- Generated by org.testng.reporters.JUnitXMLReporter -->
<testsuite hostname="abc-PC" name="Default test" tests="5" failures="0" timestamp="1 Sep 2020 09:14:19 GMT" time="83.134" errors="0">
  <testcase name="checkTitle" time="0.027" classname="com.jbk.test.LoginTestCases"/>
  <testcase name="checkHeading" time="0.137" classname="com.jbk.test.LoginTestCases"/>
  <testcase name="checkLoginBoxMsg" time="0.251" classname="com.jbk.test.LoginTestCases"/>
  <testcase name="checkNavigationBetRegPageAndLogin" time="1.642" classname="com.jbk.test.LoginTestCases"/>
  <testcase name="validateInvalidLoginCred" time="0.169" classname="com.jbk.test.LoginTestCases"/>
</testsuite> <!-- Default test -->
